<?xml version="1.0" encoding="UTF-8"?>
<testsuite name="demo.base.BaseDemoTest" tests="1" skipped="0" failures="0" errors="0" timestamp="2022-07-12T08:19:43" hostname="XIAOLE2-W11" time="0.009">
  <properties/>
  <testcase name="should_return_hello_world()" classname="demo.base.BaseDemoTest" time="0.009"/>
  <system-out><![CDATA[3
9
]]></system-out>
  <system-err><![CDATA[]]></system-err>
</testsuite>
